<?xml version="1.0" encoding="UTF-8"?>
<!-- Generated by org.testng.reporters.JUnitXMLReporter -->
<testsuite ignored="0" hostname="Lenovo" failures="0" tests="5" name="Test" time="138.673" errors="0" timestamp="04 Nov 2022 13:38:13 GMT">
  <testcase classname="com.hotelbooking.Adactin.BrowserLaunch" name="man" time="0.009"/>
  <testcase classname="com.hotelbooking.Adactin.BrowserLaunch" name="window" time="112.964"/>
  <testcase classname="com.hotelbooking.Adactin.BrowserLaunch" name="women" time="0.016"/>
  <testcase classname="com.hotelbooking.Adactin.Launch" name="window" time="117.063"/>
  <testcase classname="com.hotelbooking.Adactin.Launch" name="man" time="21.345"/>
</testsuite> <!-- Test -->
